1587581159926	mozrunner::runner	INFO	Running command: "C:\\Program Files\\Mozilla Firefox\\firefox.exe" "-marionette" "-foreground" "-no-remote" "-profile" "C:\\Users\\ADMINI~1\\AppData\\Local\\Temp\\rust_mozprofilefbiuNU"
1587581161273	addons.webextension.doh-rollout@mozilla.org	WARN	Loading extension 'doh-rollout@mozilla.org': Reading manifest: Invalid extension permission: networkStatus
1587581162734	addons.webextension.screenshots@mozilla.org	WARN	Loading extension 'screenshots@mozilla.org': Reading manifest: Invalid extension permission: mozillaAddons
1587581162734	addons.webextension.screenshots@mozilla.org	WARN	Loading extension 'screenshots@mozilla.org': Reading manifest: Invalid extension permission: telemetry
1587581162734	addons.webextension.screenshots@mozilla.org	WARN	Loading extension 'screenshots@mozilla.org': Reading manifest: Invalid extension permission: resource://pdf.js/
1587581162734	addons.webextension.screenshots@mozilla.org	WARN	Loading extension 'screenshots@mozilla.org': Reading manifest: Invalid extension permission: about:reader*
JavaScript error: resource://gre/modules/XULStore.jsm, line 66: Error: Can't find profile directory.
1587581166366	Marionette	INFO	Listening on port 56347
1587581166473	Marionette	WARN	TLS certificate errors will be ignored for this session
JavaScript warning: https://g.alicdn.com/??kissy/k/6.2.4/seed-min.js,kg/global-util/1.0.7/index-min.js,tb/tracker/4.3.12/index.js,kg/tb-nav/2.5.10/index-min.js,secdev/sufei_data/3.8.7/index.js, line 6: WebGL context was lost.
JavaScript warning: https://g.alicdn.com/AWSC/et/1.60.1/et_n.js, line 3: WebGL context was lost.
JavaScript warning: https://g.alicdn.com/secdev/sufei_data/3.9.0/index.js, line 1: WebGL context was lost.
JavaScript warning: https://g.alicdn.com/secdev/nsv/1.0.76/ns_e_86_3_n.js, line 2: WebGL context was lost.
JavaScript warning: https://g.alicdn.com/AWSC/et/1.61.1/et_n.js, line 1: WebGL context was lost.
JavaScript warning: https://g.alicdn.com/AWSC/WebUMID/1.80.0/um.js, line 1: WebGL context was lost.
JavaScript warning: https://g.alicdn.com/AWSC/WebUMID/1.80.0/um.js, line 1: WebGL context was lost.
JavaScript warning: https://g.alicdn.com/AWSC/WebUMID/1.80.0/um.js, line 1: WebGL context was lost.
JavaScript error: resource://gre/modules/XULStore.jsm, line 66: Error: Can't find profile directory.
JavaScript error: resource://gre/modules/XULStore.jsm, line 66: Error: Can't find profile directory.
JavaScript warning: https://g.alicdn.com/secdev/sufei_data/3.9.0/index.js, line 1: WebGL context was lost.
JavaScript warning: https://g.alicdn.com/secdev/nsv/1.0.76/ns_e_86_3_n.js, line 2: WebGL context was lost.
JavaScript error: https://login.taobao.com/jump?target=https://www.tmall.com, line 27: SyntaxError: expected expression, got '<'
JavaScript error: resource://devtools/server/actors/network-monitor/network-response-listener.js, line 84: NS_ERROR_FAILURE: Component returned failure code: 0x80004005 (NS_ERROR_FAILURE) [nsIInterfaceRequestor.getInterface]
JavaScript error: resource://devtools/server/actors/network-monitor/network-response-listener.js, line 84: NS_ERROR_FAILURE: Component returned failure code: 0x80004005 (NS_ERROR_FAILURE) [nsIInterfaceRequestor.getInterface]
JavaScript error: , line 0: AbortError: A request was aborted, for example through a call to IDBTransaction.abort.
1587581823390	Marionette	INFO	Stopped listening on port 56347

###!!! [Child][RunMessage] Error: Channel closing: too late to send/recv, messages will be lost

	WARN	Loading extension 'doh-rollout@mozilla.org': Reading manifest: Invalid extension permission: networkStatus
1587581607836	addons.webextension.screenshots@mozilla.org	WARN	Loading extension 'screenshots@mozilla.org': Reading manifest: Invalid extension permission: mozillaAddons
1587581607836	addons.webextension.screenshots@mozilla.org	WARN	Loading extension 'screenshots@mozilla.org': Reading manifest: Invalid extension permission: telemetry
1587581607836	addons.webextension.screenshots@mozilla.org	WARN	Loading extension 'screenshots@mozilla.org': Reading manifest: Invalid extension permission: resource://pdf.js/
1587581607836	addons.webextension.screenshots@mozilla.org	WARN	Loading extension 'screenshots@mozilla.org': Reading manifest: Invalid extension permission: about:reader*
JavaScript error: resource://gre/modules/XULStore.jsm, line 66: Error: Can't find profile directory.
1587581611438	Marionette	INFO	Listening on port 56545
1587581611609	Marionette	WARN	TLS certificate errors will be ignored for this session
JavaScript warning: https://g.alicdn.com/??kissy/k/6.2.4/seed-min.js,kg/global-util/1.0.7/index-min.js,tb/tracker/4.3.12/index.js,kg/tb-nav/2.5.10/index-min.js,secdev/sufei_data/3.8.7/index.js, line 6: WebGL context was lost.
JavaScript warning: https://g.alicdn.com/AWSC/et/1.60.1/et_n.js, line 3: WebGL context was lost.
JavaScript warning: https://g.alicdn.com/secdev/sufei_data/3.9.0/index.js, line 1: WebGL context was lost.
JavaScript warning: https://g.alicdn.com/secdev/nsv/1.0.76/ns_e_86_3_n.js, line 2: WebGL context was lost.
JavaScript warning: https://g.alicdn.com/AWSC/et/1.61.1/et_n.js, line 1: WebGL context was lost.
JavaScript warning: https://g.alicdn.com/AWSC/WebUMID/1.80.0/um.js, line 1: WebGL context was lost.
JavaScript warning: https://g.alicdn.com/AWSC/WebUMID/1.80.0/um.js, line 1: WebGL context was lost.
JavaScript warning: https://g.alicdn.com/AWSC/WebUMID/1.80.0/um.js, line 1: WebGL context was lost.
JavaScript error: resource://gre/modules/XULStore.jsm, line 66: Error: Can't find profile directory.
JavaScript error: resource://gre/modules/XULStore.jsm, line 66: Error: Can't find profile directory.
JavaScript warning: https://g.alicdn.com/secdev/sufei_data/3.9.0/index.js, line 1: WebGL context was lost.
JavaScript warning: https://g.alicdn.com/secdev/nsv/1.0.76/ns_e_86_3_n.js, line 2: WebGL context was lost.
JavaScript error: https://login.taobao.com/jump?target=https://www.tmall.com, line 27: SyntaxError: expected expression, got '<'
JavaScript warning: https://g.alicdn.com/secdev/sufei_data/3.9.0/index.js, line 1: WebGL context was lost.
JavaScript warning: https://g.alicdn.com/secdev/nsv/1.0.76/ns_e_86_3_n.js, line 2: WebGL context was lost.
JavaScript warning: https://g.alicdn.com/secdev/sufei_data/3.9.0/index.js, line 1: WebGL context was lost.
JavaScript warning: https://g.alicdn.com/secdev/nsv/1.0.76/ns_e_86_3_n.js, line 2: WebGL context was lost.
JavaScript warning: https://g.alicdn.com/secdev/sufei_data/3.9.0/index.js, line 1: WebGL context was lost.
JavaScript warning: https://g.alicdn.com/secdev/nsv/1.0.76/ns_e_86_3_n.js, line 2: WebGL context was lost.
1587586380141	mozrunner::runner	INFO	Running command: "C:\\Program Files\\Mozilla Firefox\\firefox.exe" "-marionette" "-foreground" "-no-remote" "-profile" "C:\\Users\\ADMINI~1\\AppData\\Local\\Temp\\rust_mozprofilei3rn79"
1587586381356	addons.webextension.doh-rollout@mozilla.org	WARN	Loading extension 'doh-rollout@mozilla.org': Reading manifest: Invalid extension permission: networkStatus
1587586382735	addons.webextension.screenshots@mozilla.org	WARN	Loading extension 'screenshots@mozilla.org': Reading manifest: Invalid extension permission: mozillaAddons
1587586382735	addons.webextension.screenshots@mozilla.org	WARN	Loading extension 'screenshots@mozilla.org': Reading manifest: Invalid extension permission: telemetry
1587586382735	addons.webextension.screenshots@mozilla.org	WARN	Loading extension 'screenshots@mozilla.org': Reading manifest: Invalid extension permission: resource://pdf.js/
1587586382735	addons.webextension.screenshots@mozilla.org	WARN	Loading extension 'screenshots@mozilla.org': Reading manifest: Invalid extension permission: about:reader*
JavaScript error: resource://gre/modules/XULStore.jsm, line 66: Error: Can't find profile directory.
1587586386287	Marionette	INFO	Listening on port 36526
1587586386759	Marionette	WARN	TLS certificate errors will be ignored for this session
JavaScript warning: https://g.alicdn.com/??kissy/k/6.2.4/seed-min.js,kg/global-util/1.0.7/index-min.js,tb/tracker/4.3.12/index.js,kg/tb-nav/2.5.10/index-min.js,secdev/sufei_data/3.8.7/index.js, line 6: WebGL context was lost.
JavaScript warning: https://g.alicdn.com/AWSC/et/1.60.1/et_n.js, line 3: WebGL context was lost.
JavaScript warning: https://g.alicdn.com/AWSC/WebUMID/1.80.0/um.js, line 1: WebGL context was lost.
JavaScript warning: https://g.alicdn.com/secdev/sufei_data/3.9.0/index.js, line 1: WebGL context was lost.
JavaScript warning: https://g.alicdn.com/secdev/nsv/1.0.76/ns_e_86_3_n.js, line 2: WebGL context was lost.
JavaScript warning: https://g.alicdn.com/AWSC/et/1.61.1/et_n.js, line 1: WebGL context was lost.
JavaScript warning: https://g.alicdn.com/AWSC/WebUMID/1.80.0/um.js, line 1: WebGL context was lost.
JavaScript warning: https://g.alicdn.com/AWSC/WebUMID/1.80.0/um.js, line 1: WebGL context was lost.
JavaScript error: resource://gre/modules/XULStore.jsm, line 66: Error: Can't find profile directory.
JavaScript error: resource://gre/modules/XULStore.jsm, line 66: Error: Can't find profile directory.
JavaScript warning: https://g.alicdn.com/secdev/sufei_data/3.9.0/index.js, line 1: WebGL context was lost.
JavaScript warning: https://g.alicdn.com/secdev/nsv/1.0.76/ns_e_86_3_n.js, line 2: WebGL context was lost.
JavaScript error: https://login.taobao.com/jump?target=https://www.tmall.com, line 27: SyntaxError: expected expression, got '<'
JavaScript warning: https://g.alicdn.com/secdev/sufei_data/3.9.0/index.js, line 1: WebGL context was lost.
JavaScript warning: https://g.alicdn.com/secdev/nsv/1.0.76/ns_e_86_3_n.js, line 2: WebGL context was lost.
JavaScript warning: https://g.alicdn.com/secdev/sufei_data/3.9.0/index.js, line 1: WebGL context was lost.
JavaScript warning: https://g.alicdn.com/secdev/nsv/1.0.76/ns_e_86_3_n.js, line 2: WebGL context was lost.
JavaScript warning: https://g.alicdn.com/secdev/sufei_data/3.9.0/index.js, line 1: WebGL context was lost.
JavaScript warning: https://g.alicdn.com/secdev/nsv/1.0.76/ns_e_86_3_n.js, line 2: WebGL context was lost.
JavaScript warning: https://g.alicdn.com/secdev/sufei_data/3.9.0/index.js, line 1: WebGL context was lost.
JavaScript warning: https://g.alicdn.com/secdev/nsv/1.0.76/ns_e_86_3_n.js, line 2: WebGL context was lost.
JavaScript warning: https://g.alicdn.com/secdev/sufei_data/3.9.0/index.js, line 1: WebGL context was lost.
JavaScript warning: https://g.alicdn.com/secdev/nsv/1.0.76/ns_e_86_3_n.js, line 2: WebGL context was lost.
JavaScript warning: https://g.alicdn.com/secdev/sufei_data/3.9.0/index.js, line 1: WebGL context was lost.
JavaScript warning: https://g.alicdn.com/secdev/nsv/1.0.76/ns_e_86_3_n.js, line 2: WebGL context was lost.
JavaScript warning: https://g.alicdn.com/secdev/sufei_data/3.9.0/index.js, line 1: WebGL context was lost.
JavaScript warning: https://g.alicdn.com/secdev/nsv/1.0.76/ns_e_86_3_n.js, line 2: WebGL context was lost.
JavaScript warning: https://g.alicdn.com/secdev/sufei_data/3.9.0/index.js, line 1: WebGL context was lost.
JavaScript warning: https://g.alicdn.com/secdev/nsv/1.0.76/ns_e_86_3_n.js, line 2: WebGL context was lost.
JavaScript warning: https://g.alicdn.com/secdev/sufei_data/3.9.0/index.js, line 1: WebGL context was lost.
JavaScript warning: https://g.alicdn.com/secdev/nsv/1.0.76/ns_e_86_3_n.js, line 2: WebGL context was lost.
JavaScript warning: https://g.alicdn.com/secdev/sufei_data/3.9.0/index.js, line 1: WebGL context was lost.
JavaScript warning: https://g.alicdn.com/secdev/nsv/1.0.76/ns_e_86_3_n.js, line 2: WebGL context was lost.
JavaScript warning: https://g.alicdn.com/secdev/sufei_data/3.9.0/index.js, line 1: WebGL context was lost.
JavaScript warning: https://g.alicdn.com/secdev/nsv/1.0.76/ns_e_86_3_n.js, line 2: WebGL context was lost.
JavaScript warning: https://g.alicdn.com/secdev/sufei_data/3.9.0/index.js, line 1: WebGL context was lost.
JavaScript warning: https://g.alicdn.com/secdev/nsv/1.0.76/ns_e_86_3_n.js, line 2: WebGL context was lost.
JavaScript warning: https://g.alicdn.com/secdev/sufei_data/3.9.0/index.js, line 1: WebGL context was lost.
JavaScript warning: https://g.alicdn.com/secdev/nsv/1.0.76/ns_e_86_3_n.js, line 2: WebGL context was lost.
JavaScript warning: https://g.alicdn.com/secdev/sufei_data/3.9.0/index.js, line 1: WebGL context was lost.
JavaScript warning: https://g.alicdn.com/secdev/nsv/1.0.76/ns_e_86_3_n.js, line 2: WebGL context was lost.
JavaScript warning: https://g.alicdn.com/secdev/sufei_data/3.9.0/index.js, line 1: WebGL context was lost.
JavaScript warning: https://g.alicdn.com/secdev/nsv/1.0.76/ns_e_86_3_n.js, line 2: WebGL context was lost.
JavaScript warning: https://g.alicdn.com/secdev/sufei_data/3.9.0/index.js, line 1: WebGL context was lost.
JavaScript warning: https://g.alicdn.com/secdev/nsv/1.0.76/ns_e_86_3_n.js, line 2: WebGL context was lost.
JavaScript warning: https://g.alicdn.com/secdev/sufei_data/3.9.0/index.js, line 1: WebGL context was lost.
JavaScript warning: https://g.alicdn.com/secdev/nsv/1.0.76/ns_e_86_3_n.js, line 2: WebGL context was lost.
JavaScript warning: https://g.alicdn.com/secdev/sufei_data/3.9.0/index.js, line 1: WebGL context was lost.
JavaScript warning: https://g.alicdn.com/secdev/nsv/1.0.76/ns_e_86_3_n.js, line 2: WebGL context was lost.
1587591239240	mozrunner::runner	INFO	Running command: "C:\\Program Files\\Mozilla Firefox\\firefox.exe" "-marionette" "-foreground" "-no-remote" "-profile" "C:\\Users\\ADMINI~1\\AppData\\Local\\Temp\\rust_mozprofileTf86gB"
1587591240564	addons.webextension.doh-rollout@mozilla.org	WARN	Loading extension 'doh-rollout@mozilla.org': Reading manifest: Invalid extension permission: networkStatus
1587591242267	addons.webextension.screenshots@mozilla.org	WARN	Loading extension 'screenshots@mozilla.org': Reading manifest: Invalid extension permission: mozillaAddons
1587591242267	addons.webextension.screenshots@mozilla.org	WARN	Loading extension 'screenshots@mozilla.org': Reading manifest: Invalid extension permission: telemetry
1587591242267	addons.webextension.screenshots@mozilla.org	WARN	Loading extension 'screenshots@mozilla.org': Reading manifest: Invalid extension permission: resource://pdf.js/
1587591242267	addons.webextension.screenshots@mozilla.org	WARN	Loading extension 'screenshots@mozilla.org': Reading manifest: Invalid extension permission: about:reader*
JavaScript error: resource://gre/modules/XULStore.jsm, line 66: Error: Can't find profile directory.
1587591246327	Marionette	INFO	Listening on port 44599
1587591246432	Marionette	WARN	TLS certificate errors will be ignored for this session
JavaScript warning: https://g.alicdn.com/??kissy/k/6.2.4/seed-min.js,kg/global-util/1.0.7/index-min.js,tb/tracker/4.3.12/index.js,kg/tb-nav/2.5.10/index-min.js,secdev/sufei_data/3.8.7/index.js, line 6: WebGL context was lost.
JavaScript warning: https://g.alicdn.com/AWSC/et/1.60.1/et_n.js, line 3: WebGL context was lost.
JavaScript warning: https://g.alicdn.com/secdev/sufei_data/3.9.0/index.js, line 1: WebGL context was lost.
JavaScript warning: https://g.alicdn.com/secdev/nsv/1.0.76/ns_e_86_3_n.js, line 2: WebGL context was lost.
JavaScript warning: https://g.alicdn.com/AWSC/et/1.61.1/et_n.js, line 1: WebGL context was lost.
JavaScript warning: https://g.alicdn.com/AWSC/WebUMID/1.80.0/um.js, line 1: WebGL context was lost.
JavaScript warning: https://g.alicdn.com/AWSC/WebUMID/1.80.0/um.js, line 1: WebGL context was lost.
JavaScript warning: https://g.alicdn.com/AWSC/WebUMID/1.80.0/um.js, line 1: WebGL context was lost.
JavaScript error: resource://gre/modules/XULStore.jsm, line 66: Error: Can't find profile directory.
JavaScript error: resource://gre/modules/XULStore.jsm, line 66: Error: Can't find profile directory.
JavaScript warning: https://g.alicdn.com/secdev/sufei_data/3.9.0/index.js, line 1: WebGL context was lost.
JavaScript warning: https://g.alicdn.com/secdev/nsv/1.0.76/ns_e_86_3_n.js, line 2: WebGL context was lost.
JavaScript error: https://login.taobao.com/jump?target=https://www.tmall.com, line 27: SyntaxError: expected expression, got '<'
JavaScript warning: https://g.alicdn.com/secdev/sufei_data/3.9.0/index.js, line 1: WebGL context was lost.
JavaScript warning: https://g.alicdn.com/secdev/nsv/1.0.76/ns_e_86_3_n.js, line 2: WebGL context was lost.
JavaScript warning: https://g.alicdn.com/secdev/sufei_data/3.9.0/index.js, line 1: WebGL context was lost.
JavaScript warning: https://g.alicdn.com/secdev/nsv/1.0.76/ns_e_86_3_n.js, line 2: WebGL context was lost.
JavaScript warning: https://g.alicdn.com/secdev/sufei_data/3.9.0/index.js, line 1: WebGL context was lost.
JavaScript warning: https://g.alicdn.com/secdev/nsv/1.0.76/ns_e_86_3_n.js, line 2: WebGL context was lost.
JavaScript warning: https://g.alicdn.com/secdev/sufei_data/3.9.0/index.js, line 1: WebGL context was lost.
JavaScript warning: https://g.alicdn.com/secdev/nsv/1.0.76/ns_e_86_3_n.js, line 2: WebGL context was lost.
JavaScript warning: https://g.alicdn.com/secdev/sufei_data/3.9.0/index.js, line 1: WebGL context was lost.
JavaScript warning: https://g.alicdn.com/secdev/nsv/1.0.76/ns_e_86_3_n.js, line 2: WebGL context was lost.
JavaScript warning: https://g.alicdn.com/secdev/sufei_data/3.9.0/index.js, line 1: WebGL context was lost.
JavaScript warning: https://g.alicdn.com/secdev/nsv/1.0.76/ns_e_86_3_n.js, line 2: WebGL context was lost.
JavaScript warning: https://g.alicdn.com/secdev/sufei_data/3.9.0/index.js, line 1: WebGL context was lost.
JavaScript warning: https://g.alicdn.com/secdev/nsv/1.0.76/ns_e_86_3_n.js, line 2: WebGL context was lost.
JavaScript warning: https://g.alicdn.com/secdev/sufei_data/3.9.0/index.js, line 1: WebGL context was lost.
JavaScript warning: https://g.alicdn.com/secdev/nsv/1.0.76/ns_e_86_3_n.js, line 2: WebGL context was lost.
JavaScript warning: https://g.alicdn.com/secdev/sufei_data/3.9.0/index.js, line 1: WebGL context was lost.
JavaScript warning: https://g.alicdn.com/secdev/nsv/1.0.76/ns_e_86_3_n.js, line 2: WebGL context was lost.
JavaScript warning: https://g.alicdn.com/secdev/sufei_data/3.9.0/index.js, line 1: WebGL context was lost.
JavaScript warning: https://g.alicdn.com/secdev/nsv/1.0.76/ns_e_86_3_n.js, line 2: WebGL context was lost.
1587592550560	mozrunner::runner	INFO	Running command: "C:\\Program Files\\Mozilla Firefox\\firefox.exe" "-marionette" "-foreground" "-no-remote" "-profile" "C:\\Users\\ADMINI~1\\AppData\\Local\\Temp\\rust_mozprofileSaxK3w"
1587592551938	addons.webextension.doh-rollout@mozilla.org	WARN	Loading extension 'doh-rollout@mozilla.org': Reading manifest: Invalid extension permission: networkStatus
1587592553369	addons.webextension.screenshots@mozilla.org	WARN	Loading extension 'screenshots@mozilla.org': Reading manifest: Invalid extension permission: mozillaAddons
1587592553369	addons.webextension.screenshots@mozilla.org	WARN	Loading extension 'screenshots@mozilla.org': Reading manifest: Invalid extension permission: telemetry
1587592553369	addons.webextension.screenshots@mozilla.org	WARN	Loading extension 'screenshots@mozilla.org': Reading manifest: Invalid extension permission: resource://pdf.js/
1587592553369	addons.webextension.screenshots@mozilla.org	WARN	Loading extension 'screenshots@mozilla.org': Reading manifest: Invalid extension permission: about:reader*
JavaScript error: resource://gre/modules/XULStore.jsm, line 66: Error: Can't find profile directory.
1587592557229	Marionette	INFO	Listening on port 46758
1587592557720	Marionette	WARN	TLS certificate errors will be ignored for this session
JavaScript warning: https://g.alicdn.com/??kissy/k/6.2.4/seed-min.js,kg/global-util/1.0.7/index-min.js,tb/tracker/4.3.12/index.js,kg/tb-nav/2.5.10/index-min.js,secdev/sufei_data/3.8.7/index.js, line 6: WebGL context was lost.
JavaScript warning: https://g.alicdn.com/AWSC/et/1.60.1/et_n.js, line 3: WebGL context was lost.
JavaScript warning: https://g.alicdn.com/AWSC/WebUMID/1.80.0/um.js, line 1: WebGL context was lost.
JavaScript warning: https://g.alicdn.com/secdev/sufei_data/3.9.0/index.js, line 1: WebGL context was lost.
JavaScript warning: https://g.alicdn.com/AWSC/et/1.61.1/et_n.js, line 1: WebGL context was lost.
JavaScript warning: https://g.alicdn.com/secdev/nsv/1.0.76/ns_e_86_3_n.js, line 2: WebGL context was lost.
JavaScript warning: https://g.alicdn.com/AWSC/WebUMID/1.80.0/um.js, line 1: WebGL context was lost.
JavaScript warning: https://g.alicdn.com/AWSC/WebUMID/1.80.0/um.js, line 1: WebGL context was lost.
JavaScript warning: https://g.alicdn.com/secdev/sufei_data/3.9.0/index.js, line 1: WebGL context was lost.
JavaScript warning: https://g.alicdn.com/secdev/nsv/1.0.76/ns_e_86_3_n.js, line 2: WebGL context was lost.
JavaScript error: https://login.taobao.com/jump?target=https://www.tmall.com, line 27: SyntaxError: expected expression, got '<'
1587592582232	Marionette	INFO	Stopped listening on port 46758

###!!! [Child][RunMessage] Error: Channel closing: too late to send/recv, messages will be lost

1587593171691	mozrunner::runner	INFO	Running command: "C:\\Program Files\\Mozilla Firefox\\firefox.exe" "-marionette" "-foreground" "-no-remote" "-profile" "C:\\Users\\ADMINI~1\\AppData\\Local\\Temp\\rust_mozprofilewCQN0H"
1587593172911	addons.webextension.doh-rollout@mozilla.org	WARN	Loading extension 'doh-rollout@mozilla.org': Reading manifest: Invalid extension permission: networkStatus
1587593174582	addons.webextension.screenshots@mozilla.org	WARN	Loading extension 'screenshots@mozilla.org': Reading manifest: Invalid extension permission: mozillaAddons
1587593174582	addons.webextension.screenshots@mozilla.org	WARN	Loading extension 'screenshots@mozilla.org': Reading manifest: Invalid extension permission: telemetry
1587593174582	addons.webextension.screenshots@mozilla.org	WARN	Loading extension 'screenshots@mozilla.org': Reading manifest: Invalid extension permission: resource://pdf.js/
1587593174582	addons.webextension.screenshots@mozilla.org	WARN	Loading extension 'screenshots@mozilla.org': Reading manifest: Invalid extension permission: about:reader*
JavaScript error: resource://gre/modules/XULStore.jsm, line 66: Error: Can't find profile directory.
1587593178075	Marionette	INFO	Listening on port 19456
1587593178245	Marionette	WARN	TLS certificate errors will be ignored for this session
JavaScript warning: https://g.alicdn.com/??kissy/k/6.2.4/seed-min.js,kg/global-util/1.0.7/index-min.js,tb/tracker/4.3.12/index.js,kg/tb-nav/2.5.10/index-min.js,secdev/sufei_data/3.8.7/index.js, line 6: WebGL context was lost.
JavaScript warning: https://g.alicdn.com/AWSC/et/1.60.1/et_n.js, line 3: WebGL context was lost.
JavaScript warning: https://g.alicdn.com/secdev/sufei_data/3.9.0/index.js, line 1: WebGL context was lost.
JavaScript warning: https://g.alicdn.com/secdev/nsv/1.0.76/ns_e_86_3_n.js, line 2: WebGL context was lost.
JavaScript warning: https://g.alicdn.com/AWSC/et/1.61.1/et_n.js, line 1: WebGL context was lost.
JavaScript warning: https://g.alicdn.com/AWSC/WebUMID/1.80.0/um.js, line 1: WebGL context was lost.
JavaScript warning: https://g.alicdn.com/AWSC/WebUMID/1.80.0/um.js, line 1: WebGL context was lost.
JavaScript warning: https://g.alicdn.com/AWSC/WebUMID/1.80.0/um.js, line 1: WebGL context was lost.
JavaScript error: resource://gre/modules/XULStore.jsm, line 66: Error: Can't find profile directory.
JavaScript error: resource://gre/modules/XULStore.jsm, line 66: Error: Can't find profile directory.
JavaScript warning: https://g.alicdn.com/secdev/sufei_data/3.9.0/index.js, line 1: WebGL context was lost.
JavaScript warning: https://g.alicdn.com/secdev/nsv/1.0.76/ns_e_86_3_n.js, line 2: WebGL context was lost.
JavaScript error: https://login.taobao.com/jump?target=https://www.tmall.com, line 27: SyntaxError: expected expression, got '<'
JavaScript warning: https://g.alicdn.com/secdev/sufei_data/3.9.0/index.js, line 1: WebGL context was lost.
JavaScript warning: https://g.alicdn.com/secdev/nsv/1.0.76/ns_e_86_3_n.js, line 2: WebGL context was lost.
[Child 10880, Chrome_ChildThread] WARNING: pipe error: 232: file Z:/task_1585933993/build/src/ipc/chromium/src/chrome/common/ipc_channel_win.cc, line 514
1587593994849	Marionette	INFO	Stopped listening on port 19456

###!!! [Child][RunMessage] Error: Channel closing: too late to send/recv, messages will be lost

zilla.org': Reading manifest: Invalid extension permission: networkStatus
1587593667197	addons.webextension.screenshots@mozilla.org	WARN	Loading extension 'screenshots@mozilla.org': Reading manifest: Invalid extension permission: mozillaAddons
1587593667197	addons.webextension.screenshots@mozilla.org	WARN	Loading extension 'screenshots@mozilla.org': Reading manifest: Invalid extension permission: telemetry
1587593667197	addons.webextension.screenshots@mozilla.org	WARN	Loading extension 'screenshots@mozilla.org': Reading manifest: Invalid extension permission: resource://pdf.js/
1587593667197	addons.webextension.screenshots@mozilla.org	WARN	Loading extension 'screenshots@mozilla.org': Reading manifest: Invalid extension permission: about:reader*
JavaScript error: resource://gre/modules/XULStore.jsm, line 66: Error: Can't find profile directory.
1587593670693	Marionette	INFO	Listening on port 20310
1587593670771	Marionette	WARN	TLS certificate errors will be ignored for this session
JavaScript warning: https://g.alicdn.com/??kissy/k/6.2.4/seed-min.js,kg/global-util/1.0.7/index-min.js,tb/tracker/4.3.12/index.js,kg/tb-nav/2.5.10/index-min.js,secdev/sufei_data/3.8.7/index.js, line 6: WebGL context was lost.
JavaScript warning: https://g.alicdn.com/AWSC/et/1.60.1/et_n.js, line 3: WebGL context was lost.
JavaScript warning: https://g.alicdn.com/AWSC/WebUMID/1.80.0/um.js, line 1: WebGL context was lost.
JavaScript warning: https://g.alicdn.com/AWSC/et/1.61.1/et_n.js, line 1: WebGL context was lost.
JavaScript warning: https://g.alicdn.com/secdev/sufei_data/3.9.0/index.js, line 1: WebGL context was lost.
JavaScript warning: https://g.alicdn.com/secdev/nsv/1.0.76/ns_e_86_3_n.js, line 2: WebGL context was lost.
JavaScript warning: https://g.alicdn.com/AWSC/WebUMID/1.80.0/um.js, line 1: WebGL context was lost.
JavaScript warning: https://g.alicdn.com/AWSC/WebUMID/1.80.0/um.js, line 1: WebGL context was lost.
JavaScript error: resource://gre/modules/XULStore.jsm, line 66: Error: Can't find profile directory.
JavaScript error: resource://gre/modules/XULStore.jsm, line 66: Error: Can't find profile directory.
JavaScript warning: https://g.alicdn.com/secdev/sufei_data/3.9.0/index.js, line 1: WebGL context was lost.
JavaScript warning: https://g.alicdn.com/secdev/nsv/1.0.76/ns_e_86_3_n.js, line 2: WebGL context was lost.
JavaScript error: https://login.taobao.com/jump?target=https://www.tmall.com, line 27: SyntaxError: expected expression, got '<'
JavaScript warning: https://g.alicdn.com/secdev/sufei_data/3.9.0/index.js, line 1: WebGL context was lost.
JavaScript warning: https://g.alicdn.com/secdev/nsv/1.0.76/ns_e_86_3_n.js, line 2: WebGL context was lost.
JavaScript error: , line 0: AbortError: A request was aborted, for example through a call to IDBTransaction.abort.
1587593992961	Marionette	INFO	Stopped listening on port 20310

###!!! [Child][RunMessage] Error: Channel closing: too late to send/recv, messages will be lost

	WARN	Loading extension 'doh-rollout@mozilla.org': Reading manifest: Invalid extension permission: networkStatus
1587593881902	addons.webextension.screenshots@mozilla.org	WARN	Loading extension 'screenshots@mozilla.org': Reading manifest: Invalid extension permission: mozillaAddons
1587593881902	addons.webextension.screenshots@mozilla.org	WARN	Loading extension 'screenshots@mozilla.org': Reading manifest: Invalid extension permission: telemetry
1587593881902	addons.webextension.screenshots@mozilla.org	WARN	Loading extension 'screenshots@mozilla.org': Reading manifest: Invalid extension permission: resource://pdf.js/
1587593881902	addons.webextension.screenshots@mozilla.org	WARN	Loading extension 'screenshots@mozilla.org': Reading manifest: Invalid extension permission: about:reader*
JavaScript error: resource://gre/modules/XULStore.jsm, line 66: Error: Can't find profile directory.
1587593885404	Marionette	INFO	Listening on port 20741
1587593885846	Marionette	WARN	TLS certificate errors will be ignored for this session
JavaScript warning: https://g.alicdn.com/??kissy/k/6.2.4/seed-min.js,kg/global-util/1.0.7/index-min.js,tb/tracker/4.3.12/index.js,kg/tb-nav/2.5.10/index-min.js,secdev/sufei_data/3.8.7/index.js, line 6: WebGL context was lost.
JavaScript warning: https://g.alicdn.com/AWSC/et/1.60.1/et_n.js, line 3: WebGL context was lost.
JavaScript warning: https://g.alicdn.com/secdev/sufei_data/3.9.0/index.js, line 1: WebGL context was lost.
JavaScript warning: https://g.alicdn.com/secdev/nsv/1.0.76/ns_e_86_3_n.js, line 2: WebGL context was lost.
JavaScript warning: https://g.alicdn.com/AWSC/WebUMID/1.80.0/um.js, line 1: WebGL context was lost.
JavaScript warning: https://g.alicdn.com/AWSC/et/1.61.1/et_n.js, line 1: WebGL context was lost.
JavaScript warning: https://g.alicdn.com/AWSC/WebUMID/1.80.0/um.js, line 1: WebGL context was lost.
JavaScript warning: https://g.alicdn.com/AWSC/WebUMID/1.80.0/um.js, line 1: WebGL context was lost.
JavaScript error: resource://gre/modules/XULStore.jsm, line 66: Error: Can't find profile directory.
JavaScript error: resource://gre/modules/XULStore.jsm, line 66: Error: Can't find profile directory.
JavaScript warning: https://g.alicdn.com/secdev/sufei_data/3.9.0/index.js, line 1: WebGL context was lost.
JavaScript warning: https://g.alicdn.com/secdev/nsv/1.0.76/ns_e_86_3_n.js, line 2: WebGL context was lost.
JavaScript error: https://login.taobao.com/jump?target=https://www.tmall.com, line 27: SyntaxError: expected expression, got '<'
JavaScript warning: https://g.alicdn.com/secdev/sufei_data/3.9.0/index.js, line 1: WebGL context was lost.
JavaScript warning: https://g.alicdn.com/secdev/nsv/1.0.76/ns_e_86_3_n.js, line 2: WebGL context was lost.
JavaScript warning: https://g.alicdn.com/secdev/sufei_data/3.9.0/index.js, line 1: WebGL context was lost.
JavaScript warning: https://g.alicdn.com/secdev/nsv/1.0.76/ns_e_86_3_n.js, line 2: WebGL context was lost.
JavaScript warning: https://g.alicdn.com/secdev/sufei_data/3.9.0/index.js, line 1: WebGL context was lost.
JavaScript warning: https://g.alicdn.com/secdev/nsv/1.0.76/ns_e_86_3_n.js, line 2: WebGL context was lost.
JavaScript warning: https://g.alicdn.com/secdev/sufei_data/3.9.0/index.js, line 1: WebGL context was lost.
JavaScript warning: https://g.alicdn.com/secdev/nsv/1.0.76/ns_e_86_3_n.js, line 2: WebGL context was lost.
JavaScript warning: https://g.alicdn.com/secdev/sufei_data/3.9.0/index.js, line 1: WebGL context was lost.
JavaScript warning: https://g.alicdn.com/secdev/nsv/1.0.76/ns_e_86_3_n.js, line 2: WebGL context was lost.
JavaScript warning: https://g.alicdn.com/secdev/sufei_data/3.9.0/index.js, line 1: WebGL context was lost.
JavaScript warning: https://g.alicdn.com/secdev/nsv/1.0.76/ns_e_86_3_n.js, line 2: WebGL context was lost.
JavaScript warning: https://g.alicdn.com/secdev/sufei_data/3.9.0/index.js, line 1: WebGL context was lost.
JavaScript warning: https://g.alicdn.com/secdev/nsv/1.0.76/ns_e_86_3_n.js, line 2: WebGL context was lost.
JavaScript warning: https://g.alicdn.com/secdev/sufei_data/3.9.0/index.js, line 1: WebGL context was lost.
JavaScript warning: https://g.alicdn.com/secdev/nsv/1.0.76/ns_e_86_3_n.js, line 2: WebGL context was lost.
JavaScript warning: https://g.alicdn.com/secdev/sufei_data/3.9.0/index.js, line 1: WebGL context was lost.
JavaScript warning: https://g.alicdn.com/secdev/nsv/1.0.76/ns_e_86_3_n.js, line 2: WebGL context was lost.
JavaScript warning: https://g.alicdn.com/secdev/sufei_data/3.9.0/index.js, line 1: WebGL context was lost.
JavaScript warning: https://g.alicdn.com/secdev/nsv/1.0.76/ns_e_86_3_n.js, line 2: WebGL context was lost.
JavaScript warning: https://g.alicdn.com/secdev/sufei_data/3.9.0/index.js, line 1: WebGL context was lost.
JavaScript warning: https://g.alicdn.com/secdev/nsv/1.0.76/ns_e_86_3_n.js, line 2: WebGL context was lost.
JavaScript warning: https://g.alicdn.com/secdev/sufei_data/3.9.0/index.js, line 1: WebGL context was lost.
JavaScript warning: https://g.alicdn.com/secdev/nsv/1.0.76/ns_e_86_3_n.js, line 2: WebGL context was lost.
JavaScript warning: https://g.alicdn.com/secdev/sufei_data/3.9.0/index.js, line 1: WebGL context was lost.
JavaScript warning: https://g.alicdn.com/secdev/nsv/1.0.76/ns_e_86_3_n.js, line 2: WebGL context was lost.
JavaScript warning: https://g.alicdn.com/secdev/sufei_data/3.9.0/index.js, line 1: WebGL context was lost.
JavaScript warning: https://g.alicdn.com/secdev/nsv/1.0.76/ns_e_86_3_n.js, line 2: WebGL context was lost.
JavaScript warning: https://g.alicdn.com/secdev/sufei_data/3.9.0/index.js, line 1: WebGL context was lost.
JavaScript warning: https://g.alicdn.com/secdev/nsv/1.0.76/ns_e_86_3_n.js, line 2: WebGL context was lost.
JavaScript warning: https://g.alicdn.com/secdev/sufei_data/3.9.0/index.js, line 1: WebGL context was lost.
JavaScript warning: https://g.alicdn.com/secdev/nsv/1.0.76/ns_e_86_3_n.js, line 2: WebGL context was lost.
JavaScript warning: https://g.alicdn.com/secdev/sufei_data/3.9.0/index.js, line 1: WebGL context was lost.
JavaScript warning: https://g.alicdn.com/secdev/nsv/1.0.76/ns_e_86_3_n.js, line 2: WebGL context was lost.
JavaScript warning: https://g.alicdn.com/secdev/sufei_data/3.9.0/index.js, line 1: WebGL context was lost.
JavaScript warning: https://g.alicdn.com/secdev/nsv/1.0.76/ns_e_86_3_n.js, line 2: WebGL context was lost.
JavaScript warning: https://g.alicdn.com/secdev/sufei_data/3.9.0/index.js, line 1: WebGL context was lost.
JavaScript warning: https://g.alicdn.com/secdev/nsv/1.0.76/ns_e_86_3_n.js, line 2: WebGL context was lost.
1587593991123	Marionette	INFO	Stopped listening on port 20741

###!!! [Child][RunMessage] Error: Channel closing: too late to send/recv, messages will be lost


###!!! [Child][MessageChannel::SendAndWait] Error: Channel error: cannot send/recv

1587594744871	mozrunner::runner	INFO	Running command: "C:\\Program Files\\Mozilla Firefox\\firefox.exe" "-marionette" "-foreground" "-no-remote" "-profile" "C:\\Users\\ADMINI~1\\AppData\\Local\\Temp\\rust_mozprofileRBGVh4"
1587594746040	addons.webextension.doh-rollout@mozilla.org	WARN	Loading extension 'doh-rollout@mozilla.org': Reading manifest: Invalid extension permission: networkStatus
1587594747439	addons.webextension.screenshots@mozilla.org	WARN	Loading extension 'screenshots@mozilla.org': Reading manifest: Invalid extension permission: mozillaAddons
1587594747439	addons.webextension.screenshots@mozilla.org	WARN	Loading extension 'screenshots@mozilla.org': Reading manifest: Invalid extension permission: telemetry
1587594747439	addons.webextension.screenshots@mozilla.org	WARN	Loading extension 'screenshots@mozilla.org': Reading manifest: Invalid extension permission: resource://pdf.js/
1587594747440	addons.webextension.screenshots@mozilla.org	WARN	Loading extension 'screenshots@mozilla.org': Reading manifest: Invalid extension permission: about:reader*
JavaScript error: resource://gre/modules/XULStore.jsm, line 66: Error: Can't find profile directory.
1587594750845	Marionette	INFO	Listening on port 22397
1587594750925	Marionette	WARN	TLS certificate errors will be ignored for this session
JavaScript warning: https://g.alicdn.com/??kissy/k/6.2.4/seed-min.js,kg/global-util/1.0.7/index-min.js,tb/tracker/4.3.12/index.js,kg/tb-nav/2.5.10/index-min.js,secdev/sufei_data/3.8.7/index.js, line 6: WebGL context was lost.
JavaScript warning: https://g.alicdn.com/AWSC/et/1.60.1/et_n.js, line 3: WebGL context was lost.
JavaScript warning: https://g.alicdn.com/AWSC/WebUMID/1.80.0/um.js, line 1: WebGL context was lost.
JavaScript warning: https://g.alicdn.com/secdev/sufei_data/3.9.0/index.js, line 1: WebGL context was lost.
JavaScript warning: https://g.alicdn.com/AWSC/et/1.61.1/et_n.js, line 1: WebGL context was lost.
JavaScript warning: https://g.alicdn.com/secdev/nsv/1.0.76/ns_e_86_3_n.js, line 2: WebGL context was lost.
JavaScript warning: https://g.alicdn.com/AWSC/WebUMID/1.80.0/um.js, line 1: WebGL context was lost.
JavaScript warning: https://g.alicdn.com/AWSC/WebUMID/1.80.0/um.js, line 1: WebGL context was lost.
JavaScript warning: https://g.alicdn.com/secdev/sufei_data/3.9.0/index.js, line 1: WebGL context was lost.
JavaScript warning: https://g.alicdn.com/secdev/nsv/1.0.76/ns_e_86_3_n.js, line 2: WebGL context was lost.
JavaScript error: https://login.taobao.com/jump?target=https://www.tmall.com, line 27: SyntaxError: expected expression, got '<'
JavaScript error: resource://gre/modules/IndexedDB.jsm, line 370: UnknownError: IDBDatabase.transaction: Can't start IndexedDB transaction during shutdown
1587595064038	Marionette	INFO	Stopped listening on port 22397

###!!! [Child][RunMessage] Error: Channel closing: too late to send/recv, messages will be lost

illa.org': Reading manifest: Invalid extension permission: networkStatus
1587595033519	addons.webextension.screenshots@mozilla.org	WARN	Loading extension 'screenshots@mozilla.org': Reading manifest: Invalid extension permission: mozillaAddons
1587595033520	addons.webextension.screenshots@mozilla.org	WARN	Loading extension 'screenshots@mozilla.org': Reading manifest: Invalid extension permission: telemetry
1587595033520	addons.webextension.screenshots@mozilla.org	WARN	Loading extension 'screenshots@mozilla.org': Reading manifest: Invalid extension permission: resource://pdf.js/
1587595033520	addons.webextension.screenshots@mozilla.org	WARN	Loading extension 'screenshots@mozilla.org': Reading manifest: Invalid extension permission: about:reader*
JavaScript error: resource://gre/modules/XULStore.jsm, line 66: Error: Can't find profile directory.
1587595037493	Marionette	INFO	Listening on port 22974
1587595037768	Marionette	WARN	TLS certificate errors will be ignored for this session
JavaScript warning: https://g.alicdn.com/??kissy/k/6.2.4/seed-min.js,kg/global-util/1.0.7/index-min.js,tb/tracker/4.3.12/index.js,kg/tb-nav/2.5.10/index-min.js,secdev/sufei_data/3.8.7/index.js, line 6: WebGL context was lost.
JavaScript warning: https://g.alicdn.com/AWSC/et/1.60.1/et_n.js, line 3: WebGL context was lost.
JavaScript warning: https://g.alicdn.com/AWSC/WebUMID/1.80.0/um.js, line 1: WebGL context was lost.
JavaScript warning: https://g.alicdn.com/secdev/sufei_data/3.9.0/index.js, line 1: WebGL context was lost.
JavaScript warning: https://g.alicdn.com/AWSC/et/1.61.1/et_n.js, line 1: WebGL context was lost.
JavaScript warning: https://g.alicdn.com/secdev/nsv/1.0.76/ns_e_86_3_n.js, line 2: WebGL context was lost.
JavaScript warning: https://g.alicdn.com/AWSC/WebUMID/1.80.0/um.js, line 1: WebGL context was lost.
JavaScript warning: https://g.alicdn.com/AWSC/WebUMID/1.80.0/um.js, line 1: WebGL context was lost.
JavaScript warning: https://g.alicdn.com/secdev/sufei_data/3.9.0/index.js, line 1: WebGL context was lost.
JavaScript warning: https://g.alicdn.com/secdev/nsv/1.0.76/ns_e_86_3_n.js, line 2: WebGL context was lost.
JavaScript error: https://login.taobao.com/jump?target=https://www.tmall.com, line 27: SyntaxError: expected expression, got '<'
1587595067645	Marionette	INFO	Stopped listening on port 22974

###!!! [Child][RunMessage] Error: Channel closing: too late to send/recv, messages will be lost

1587595837821	mozrunner::runner	INFO	Running command: "C:\\Program Files\\Mozilla Firefox\\firefox.exe" "-marionette" "-foreground" "-no-remote" "-profile" "C:\\Users\\ADMINI~1\\AppData\\Local\\Temp\\rust_mozprofileXpOkbv"
1587595839131	addons.webextension.doh-rollout@mozilla.org	WARN	Loading extension 'doh-rollout@mozilla.org': Reading manifest: Invalid extension permission: networkStatus
1587595840537	addons.webextension.screenshots@mozilla.org	WARN	Loading extension 'screenshots@mozilla.org': Reading manifest: Invalid extension permission: mozillaAddons
1587595840537	addons.webextension.screenshots@mozilla.org	WARN	Loading extension 'screenshots@mozilla.org': Reading manifest: Invalid extension permission: telemetry
1587595840537	addons.webextension.screenshots@mozilla.org	WARN	Loading extension 'screenshots@mozilla.org': Reading manifest: Invalid extension permission: resource://pdf.js/
1587595840537	addons.webextension.screenshots@mozilla.org	WARN	Loading extension 'screenshots@mozilla.org': Reading manifest: Invalid extension permission: about:reader*
JavaScript error: resource://gre/modules/XULStore.jsm, line 66: Error: Can't find profile directory.
1587595843712	Marionette	INFO	Listening on port 24949
1587595843904	Marionette	WARN	TLS certificate errors will be ignored for this session
JavaScript warning: https://g.alicdn.com/??kissy/k/6.2.4/seed-min.js,kg/global-util/1.0.7/index-min.js,tb/tracker/4.3.12/index.js,kg/tb-nav/2.5.10/index-min.js,secdev/sufei_data/3.8.7/index.js, line 6: WebGL context was lost.
JavaScript warning: https://g.alicdn.com/AWSC/et/1.60.1/et_n.js, line 3: WebGL context was lost.
JavaScript warning: https://g.alicdn.com/secdev/sufei_data/3.9.0/index.js, line 1: WebGL context was lost.
JavaScript warning: https://g.alicdn.com/secdev/nsv/1.0.76/ns_e_86_3_n.js, line 2: WebGL context was lost.
JavaScript warning: https://g.alicdn.com/AWSC/et/1.61.1/et_n.js, line 1: WebGL context was lost.
JavaScript warning: https://g.alicdn.com/AWSC/WebUMID/1.80.0/um.js, line 1: WebGL context was lost.
JavaScript warning: https://g.alicdn.com/AWSC/WebUMID/1.80.0/um.js, line 1: WebGL context was lost.
JavaScript warning: https://g.alicdn.com/AWSC/WebUMID/1.80.0/um.js, line 1: WebGL context was lost.
JavaScript error: resource://gre/modules/XULStore.jsm, line 66: Error: Can't find profile directory.
JavaScript error: resource://gre/modules/XULStore.jsm, line 66: Error: Can't find profile directory.
JavaScript warning: https://g.alicdn.com/secdev/sufei_data/3.9.0/index.js, line 1: WebGL context was lost.
JavaScript warning: https://g.alicdn.com/secdev/nsv/1.0.76/ns_e_86_3_n.js, line 2: WebGL context was lost.
JavaScript error: https://login.taobao.com/jump?target=https://www.tmall.com, line 27: SyntaxError: expected expression, got '<'
JavaScript warning: https://g.alicdn.com/secdev/sufei_data/3.9.0/index.js, line 1: WebGL context was lost.
JavaScript warning: https://g.alicdn.com/secdev/nsv/1.0.76/ns_e_86_3_n.js, line 2: WebGL context was lost.
JavaScript warning: https://g.alicdn.com/secdev/sufei_data/3.9.0/index.js, line 1: WebGL context was lost.
JavaScript warning: https://g.alicdn.com/secdev/nsv/1.0.76/ns_e_86_3_n.js, line 2: WebGL context was lost.
JavaScript warning: https://g.alicdn.com/secdev/sufei_data/3.9.0/index.js, line 1: WebGL context was lost.
JavaScript warning: https://g.alicdn.com/secdev/nsv/1.0.76/ns_e_86_3_n.js, line 2: WebGL context was lost.
JavaScript warning: https://g.alicdn.com/secdev/sufei_data/3.9.0/index.js, line 1: WebGL context was lost.
JavaScript warning: https://g.alicdn.com/secdev/nsv/1.0.76/ns_e_86_3_n.js, line 2: WebGL context was lost.
1587662455056	mozrunner::runner	INFO	Running command: "C:\\Program Files\\Mozilla Firefox\\firefox.exe" "-marionette" "-foreground" "-no-remote" "-profile" "C:\\Users\\ADMINI~1\\AppData\\Local\\Temp\\rust_mozprofile4zVEV3"
1587662458592	addons.webextension.doh-rollout@mozilla.org	WARN	Loading extension 'doh-rollout@mozilla.org': Reading manifest: Invalid extension permission: networkStatus
1587662460086	addons.webextension.screenshots@mozilla.org	WARN	Loading extension 'screenshots@mozilla.org': Reading manifest: Invalid extension permission: mozillaAddons
1587662460087	addons.webextension.screenshots@mozilla.org	WARN	Loading extension 'screenshots@mozilla.org': Reading manifest: Invalid extension permission: telemetry
1587662460087	addons.webextension.screenshots@mozilla.org	WARN	Loading extension 'screenshots@mozilla.org': Reading manifest: Invalid extension permission: resource://pdf.js/
1587662460087	addons.webextension.screenshots@mozilla.org	WARN	Loading extension 'screenshots@mozilla.org': Reading manifest: Invalid extension permission: about:reader*
JavaScript error: resource://gre/modules/XULStore.jsm, line 66: Error: Can't find profile directory.
console.error: "Could not write session state file " (new Error("_initWorker called too early! Please read the session file from disk first.", "resource:///modules/sessionstore/SessionFile.jsm", 375)) "_initWorker/<@resource:///modules/sessionstore/SessionFile.jsm:375:15\n_initWorker@resource:///modules/sessionstore/SessionFile.jsm:368:12\n_postToWorker@resource:///modules/sessionstore/SessionFile.jsm:410:16\nwrite@resource:///modules/sessionstore/SessionFile.jsm:448:24\nwrite@resource:///modules/sessionstore/SessionFile.jsm:75:32\n_writeState@resource:///modules/sessionstore/SessionSaver.jsm:360:24\n_saveState@resource:///modules/sessionstore/SessionSaver.jsm:294:17\n_saveStateAsync@resource:///modules/sessionstore/SessionSaver.jsm:344:10\nsaveStateAsyncWhenIdle@resource:///modules/sessionstore/SessionSaver.jsm:191:14\ncallback@resource://gre/modules/Timer.jsm:127:16\n"
1587662468037	Marionette	INFO	Listening on port 62447
1587662468481	Marionette	WARN	TLS certificate errors will be ignored for this session
[Child 13108, MediaDecoderStateMachine #1] WARNING: Decoder=4c38991800 Decode error: NS_ERROR_DOM_MEDIA_FATAL_ERR (0x806e0005) - RefPtr<MediaSourceTrackDemuxer::SamplesPromise> __cdecl mozilla::MediaSourceTrackDemuxer::DoGetSamples(int32_t): manager is detached.: file Z:/task_1585933993/build/src/dom/media/MediaDecoderStateMachine.cpp, line 3367
[Child 13108, MediaDecoderStateMachine #1] WARNING: Decoder=4c38991800 Decode error: NS_ERROR_DOM_MEDIA_FATAL_ERR (0x806e0005) - RefPtr<MediaSourceTrackDemuxer::SamplesPromise> __cdecl mozilla::MediaSourceTrackDemuxer::DoGetSamples(int32_t): manager is detached.: file Z:/task_1585933993/build/src/dom/media/MediaDecoderStateMachine.cpp, line 3367
[Child 13108, MediaDecoderStateMachine #1] WARNING: Decoder=4c33886800 Decode error: NS_ERROR_DOM_MEDIA_FATAL_ERR (0x806e0005) - RefPtr<MediaSourceTrackDemuxer::SamplesPromise> __cdecl mozilla::MediaSourceTrackDemuxer::DoGetSamples(int32_t): manager is detached.: file Z:/task_1585933993/build/src/dom/media/MediaDecoderStateMachine.cpp, line 3367
1587662901015	mozrunner::runner	INFO	Running command: "C:\\Program Files\\Mozilla Firefox\\firefox.exe" "-marionette" "-foreground" "-no-remote" "-profile" "C:\\Users\\ADMINI~1\\AppData\\Local\\Temp\\rust_mozprofilekj3Qh6"
1587662902131	addons.webextension.doh-rollout@mozilla.org	WARN	Loading extension 'doh-rollout@mozilla.org': Reading manifest: Invalid extension permission: networkStatus
1587662903916	addons.webextension.screenshots@mozilla.org	WARN	Loading extension 'screenshots@mozilla.org': Reading manifest: Invalid extension permission: mozillaAddons
1587662903916	addons.webextension.screenshots@mozilla.org	WARN	Loading extension 'screenshots@mozilla.org': Reading manifest: Invalid extension permission: telemetry
1587662903916	addons.webextension.screenshots@mozilla.org	WARN	Loading extension 'screenshots@mozilla.org': Reading manifest: Invalid extension permission: resource://pdf.js/
1587662903916	addons.webextension.screenshots@mozilla.org	WARN	Loading extension 'screenshots@mozilla.org': Reading manifest: Invalid extension permission: about:reader*
JavaScript error: resource://gre/modules/XULStore.jsm, line 66: Error: Can't find profile directory.
1587662908025	Marionette	INFO	Listening on port 63270
1587662908160	Marionette	WARN	TLS certificate errors will be ignored for this session
[Child 6024, MediaDecoderStateMachine #1] WARNING: Decoder=cb47083400 Decode error: NS_ERROR_DOM_MEDIA_FATAL_ERR (0x806e0005) - RefPtr<MediaSourceTrackDemuxer::SamplesPromise> __cdecl mozilla::MediaSourceTrackDemuxer::DoGetSamples(int32_t): manager is detached.: file Z:/task_1585933993/build/src/dom/media/MediaDecoderStateMachine.cpp, line 3367
1587663101713	mozrunner::runner	INFO	Running command: "C:\\Program Files\\Mozilla Firefox\\firefox.exe" "-marionette" "-foreground" "-no-remote" "-profile" "C:\\Users\\ADMINI~1\\AppData\\Local\\Temp\\rust_mozprofile4Xr3hN"
1587663102860	addons.webextension.doh-rollout@mozilla.org	WARN	Loading extension 'doh-rollout@mozilla.org': Reading manifest: Invalid extension permission: networkStatus
1587663104916	addons.webextension.screenshots@mozilla.org	WARN	Loading extension 'screenshots@mozilla.org': Reading manifest: Invalid extension permission: mozillaAddons
1587663104917	addons.webextension.screenshots@mozilla.org	WARN	Loading extension 'screenshots@mozilla.org': Reading manifest: Invalid extension permission: telemetry
1587663104917	addons.webextension.screenshots@mozilla.org	WARN	Loading extension 'screenshots@mozilla.org': Reading manifest: Invalid extension permission: resource://pdf.js/
1587663104917	addons.webextension.screenshots@mozilla.org	WARN	Loading extension 'screenshots@mozilla.org': Reading manifest: Invalid extension permission: about:reader*
JavaScript error: resource://gre/modules/XULStore.jsm, line 66: Error: Can't find profile directory.
1587663107676	Marionette	INFO	Listening on port 63667
1587663107797	Marionette	WARN	TLS certificate errors will be ignored for this session
JavaScript error: https://sta-op.douyucdn.cn/front-publish/sdk-file-master/hls_14b7ec8.js, line 1: AbortError: The fetching process for the media resource was aborted by the user agent at the user's request.
1587663193164	mozrunner::runner	INFO	Running command: "C:\\Program Files\\Mozilla Firefox\\firefox.exe" "-marionette" "-foreground" "-no-remote" "-profile" "C:\\Users\\ADMINI~1\\AppData\\Local\\Temp\\rust_mozprofileh1baCp"
1587663194326	addons.webextension.doh-rollout@mozilla.org	WARN	Loading extension 'doh-rollout@mozilla.org': Reading manifest: Invalid extension permission: networkStatus
1587663196002	addons.webextension.screenshots@mozilla.org	WARN	Loading extension 'screenshots@mozilla.org': Reading manifest: Invalid extension permission: mozillaAddons
1587663196002	addons.webextension.screenshots@mozilla.org	WARN	Loading extension 'screenshots@mozilla.org': Reading manifest: Invalid extension permission: telemetry
1587663196002	addons.webextension.screenshots@mozilla.org	WARN	Loading extension 'screenshots@mozilla.org': Reading manifest: Invalid extension permission: resource://pdf.js/
1587663196002	addons.webextension.screenshots@mozilla.org	WARN	Loading extension 'screenshots@mozilla.org': Reading manifest: Invalid extension permission: about:reader*
JavaScript error: resource://gre/modules/XULStore.jsm, line 66: Error: Can't find profile directory.
1587663198925	Marionette	INFO	Listening on port 63888
1587663199259	Marionette	WARN	TLS certificate errors will be ignored for this session
JavaScript error: , line 0: UnknownError: The operation failed for reasons unrelated to the database itself and not covered by any other error code.
1587663365191	Marionette	INFO	Stopped listening on port 63888

###!!! [Child][RunMessage] Error: Channel closing: too late to send/recv, messages will be lost


###!!! [Child][MessageChannel::SendAndWait] Error: Channel error: cannot send/recv

37288	addons.webextension.screenshots@mozilla.org	WARN	Loading extension 'screenshots@mozilla.org': Reading manifest: Invalid extension permission: mozillaAddons
1587663237288	addons.webextension.screenshots@mozilla.org	WARN	Loading extension 'screenshots@mozilla.org': Reading manifest: Invalid extension permission: telemetry
1587663237288	addons.webextension.screenshots@mozilla.org	WARN	Loading extension 'screenshots@mozilla.org': Reading manifest: Invalid extension permission: resource://pdf.js/
1587663237288	addons.webextension.screenshots@mozilla.org	WARN	Loading extension 'screenshots@mozilla.org': Reading manifest: Invalid extension permission: about:reader*
JavaScript error: resource://gre/modules/XULStore.jsm, line 66: Error: Can't find profile directory.
1587663242870	Marionette	INFO	Listening on port 64033
1587663243225	Marionette	WARN	TLS certificate errors will be ignored for this session
JavaScript error: , line 0: UnknownError: The operation failed for reasons unrelated to the database itself and not covered by any other error code.
1587663363740	Marionette	INFO	Stopped listening on port 64033

###!!! [Child][RunMessage] Error: Channel closing: too late to send/recv, messages will be lost


###!!! [Child][MessageChannel::SendAndWait] Error: Channel error: cannot send/recv

99356	addons.webextension.screenshots@mozilla.org	WARN	Loading extension 'screenshots@mozilla.org': Reading manifest: Invalid extension permission: mozillaAddons
1587663299356	addons.webextension.screenshots@mozilla.org	WARN	Loading extension 'screenshots@mozilla.org': Reading manifest: Invalid extension permission: telemetry
1587663299356	addons.webextension.screenshots@mozilla.org	WARN	Loading extension 'screenshots@mozilla.org': Reading manifest: Invalid extension permission: resource://pdf.js/
1587663299356	addons.webextension.screenshots@mozilla.org	WARN	Loading extension 'screenshots@mozilla.org': Reading manifest: Invalid extension permission: about:reader*
JavaScript error: resource://gre/modules/XULStore.jsm, line 66: Error: Can't find profile directory.
1587663303033	Marionette	INFO	Listening on port 64205
1587663303050	Marionette	WARN	TLS certificate errors will be ignored for this session
[Child 13320, MediaDecoderStateMachine #1] WARNING: Decoder=403eabb800 Decode error: NS_ERROR_DOM_MEDIA_FATAL_ERR (0x806e0005) - RefPtr<MediaSourceTrackDemuxer::SamplesPromise> __cdecl mozilla::MediaSourceTrackDemuxer::DoGetSamples(int32_t): manager is detached.: file Z:/task_1585933993/build/src/dom/media/MediaDecoderStateMachine.cpp, line 3367
[Child 13320, MediaDecoderStateMachine #1] WARNING: Decoder=403eabb800 Decode error: NS_ERROR_DOM_MEDIA_FATAL_ERR (0x806e0005) - RefPtr<MediaSourceTrackDemuxer::SamplesPromise> __cdecl mozilla::MediaSourceTrackDemuxer::DoGetSamples(int32_t): manager is detached.: file Z:/task_1585933993/build/src/dom/media/MediaDecoderStateMachine.cpp, line 3367
1587663589142	mozrunner::runner	INFO	Running command: "C:\\Program Files\\Mozilla Firefox\\firefox.exe" "-marionette" "-foreground" "-no-remote" "-profile" "C:\\Users\\ADMINI~1\\AppData\\Local\\Temp\\rust_mozprofileWLB5Jj"
1587663590476	addons.webextension.doh-rollout@mozilla.org	WARN	Loading extension 'doh-rollout@mozilla.org': Reading manifest: Invalid extension permission: networkStatus
1587663592115	addons.webextension.screenshots@mozilla.org	WARN	Loading extension 'screenshots@mozilla.org': Reading manifest: Invalid extension permission: mozillaAddons
1587663592115	addons.webextension.screenshots@mozilla.org	WARN	Loading extension 'screenshots@mozilla.org': Reading manifest: Invalid extension permission: telemetry
1587663592115	addons.webextension.screenshots@mozilla.org	WARN	Loading extension 'screenshots@mozilla.org': Reading manifest: Invalid extension permission: resource://pdf.js/
1587663592115	addons.webextension.screenshots@mozilla.org	WARN	Loading extension 'screenshots@mozilla.org': Reading manifest: Invalid extension permission: about:reader*
JavaScript error: resource://gre/modules/XULStore.jsm, line 66: Error: Can't find profile directory.
1587663595604	Marionette	INFO	Listening on port 64684
1587663595705	Marionette	WARN	TLS certificate errors will be ignored for this session
1587663616684	Marionette	INFO	Stopped listening on port 64684
IPDL protocol error: Handler returned error code!

###!!! [Parent][DispatchAsyncMessage] Error: PImageBridge::Msg_Update Processing error: message was deserialized, but the handler returned false (indicating failure)

JavaScript error: resource://gre/modules/UrlClassifierListManager.jsm, line 691: TypeError: this.tablesData[table] is undefined

###!!! [Child][RunMessage] Error: Channel closing: too late to send/recv, messages will be lost

1587663720211	mozrunner::runner	INFO	Running command: "C:\\Program Files\\Mozilla Firefox\\firefox.exe" "-marionette" "-foreground" "-no-remote" "-profile" "C:\\Users\\ADMINI~1\\AppData\\Local\\Temp\\rust_mozprofile9Jfz9a"
1587663721586	addons.webextension.doh-rollout@mozilla.org	WARN	Loading extension 'doh-rollout@mozilla.org': Reading manifest: Invalid extension permission: networkStatus
1587663723144	addons.webextension.screenshots@mozilla.org	WARN	Loading extension 'screenshots@mozilla.org': Reading manifest: Invalid extension permission: mozillaAddons
1587663723144	addons.webextension.screenshots@mozilla.org	WARN	Loading extension 'screenshots@mozilla.org': Reading manifest: Invalid extension permission: telemetry
1587663723144	addons.webextension.screenshots@mozilla.org	WARN	Loading extension 'screenshots@mozilla.org': Reading manifest: Invalid extension permission: resource://pdf.js/
1587663723144	addons.webextension.screenshots@mozilla.org	WARN	Loading extension 'screenshots@mozilla.org': Reading manifest: Invalid extension permission: about:reader*
JavaScript error: resource://gre/modules/XULStore.jsm, line 66: Error: Can't find profile directory.
1587663726759	Marionette	INFO	Listening on port 64953
1587663726857	Marionette	WARN	TLS certificate errors will be ignored for this session
1587663745745	Marionette	INFO	Stopped listening on port 64953
IPDL protocol error: Handler returned error code!

###!!! [Parent][DispatchAsyncMessage] Error: PImageBridge::Msg_Update Processing error: message was deserialized, but the handler returned false (indicating failure)


###!!! [Child][RunMessage] Error: Channel closing: too late to send/recv, messages will be lost

1587663793661	mozrunner::runner	INFO	Running command: "C:\\Program Files\\Mozilla Firefox\\firefox.exe" "-marionette" "-foreground" "-no-remote" "-profile" "C:\\Users\\ADMINI~1\\AppData\\Local\\Temp\\rust_mozprofilenDyDsl"
1587663794726	addons.webextension.doh-rollout@mozilla.org	WARN	Loading extension 'doh-rollout@mozilla.org': Reading manifest: Invalid extension permission: networkStatus
1587663796330	addons.webextension.screenshots@mozilla.org	WARN	Loading extension 'screenshots@mozilla.org': Reading manifest: Invalid extension permission: mozillaAddons
1587663796330	addons.webextension.screenshots@mozilla.org	WARN	Loading extension 'screenshots@mozilla.org': Reading manifest: Invalid extension permission: telemetry
1587663796330	addons.webextension.screenshots@mozilla.org	WARN	Loading extension 'screenshots@mozilla.org': Reading manifest: Invalid extension permission: resource://pdf.js/
1587663796330	addons.webextension.screenshots@mozilla.org	WARN	Loading extension 'screenshots@mozilla.org': Reading manifest: Invalid extension permission: about:reader*
JavaScript error: resource://gre/modules/XULStore.jsm, line 66: Error: Can't find profile directory.
1587663800438	Marionette	INFO	Listening on port 65141
1587663800810	Marionette	WARN	TLS certificate errors will be ignored for this session
[Child 12428, MediaDecoderStateMachine #1] WARNING: Decoder=c40f611400 Decode error: NS_ERROR_DOM_MEDIA_FATAL_ERR (0x806e0005) - RefPtr<MediaSourceTrackDemuxer::SamplesPromise> __cdecl mozilla::MediaSourceTrackDemuxer::DoGetSamples(int32_t): manager is detached.: file Z:/task_1585933993/build/src/dom/media/MediaDecoderStateMachine.cpp, line 3367
1587663904940	mozrunner::runner	INFO	Running command: "C:\\Program Files\\Mozilla Firefox\\firefox.exe" "-marionette" "-foreground" "-no-remote" "-profile" "C:\\Users\\ADMINI~1\\AppData\\Local\\Temp\\rust_mozprofileyRCxg9"
1587663906116	addons.webextension.doh-rollout@mozilla.org	WARN	Loading extension 'doh-rollout@mozilla.org': Reading manifest: Invalid extension permission: networkStatus
1587663907564	addons.webextension.screenshots@mozilla.org	WARN	Loading extension 'screenshots@mozilla.org': Reading manifest: Invalid extension permission: mozillaAddons
1587663907564	addons.webextension.screenshots@mozilla.org	WARN	Loading extension 'screenshots@mozilla.org': Reading manifest: Invalid extension permission: telemetry
1587663907564	addons.webextension.screenshots@mozilla.org	WARN	Loading extension 'screenshots@mozilla.org': Reading manifest: Invalid extension permission: resource://pdf.js/
1587663907564	addons.webextension.screenshots@mozilla.org	WARN	Loading extension 'screenshots@mozilla.org': Reading manifest: Invalid extension permission: about:reader*
JavaScript error: resource://gre/modules/XULStore.jsm, line 66: Error: Can't find profile directory.
1587663910821	Marionette	INFO	Listening on port 65429
1587663911029	Marionette	WARN	TLS certificate errors will be ignored for this session
1587663930249	Marionette	INFO	Stopped listening on port 65429
IPDL protocol error: Handler returned error code!

###!!! [Parent][DispatchAsyncMessage] Error: PImageBridge::Msg_Update Processing error: message was deserialized, but the handler returned false (indicating failure)


###!!! [Child][RunMessage] Error: Channel closing: too late to send/recv, messages will be lost

1587663994037	mozrunner::runner	INFO	Running command: "C:\\Program Files\\Mozilla Firefox\\firefox.exe" "-marionette" "-foreground" "-no-remote" "-profile" "C:\\Users\\ADMINI~1\\AppData\\Local\\Temp\\rust_mozprofilev27oOf"
1587663995323	addons.webextension.doh-rollout@mozilla.org	WARN	Loading extension 'doh-rollout@mozilla.org': Reading manifest: Invalid extension permission: networkStatus
1587663996817	addons.webextension.screenshots@mozilla.org	WARN	Loading extension 'screenshots@mozilla.org': Reading manifest: Invalid extension permission: mozillaAddons
1587663996817	addons.webextension.screenshots@mozilla.org	WARN	Loading extension 'screenshots@mozilla.org': Reading manifest: Invalid extension permission: telemetry
1587663996817	addons.webextension.screenshots@mozilla.org	WARN	Loading extension 'screenshots@mozilla.org': Reading manifest: Invalid extension permission: resource://pdf.js/
1587663996817	addons.webextension.screenshots@mozilla.org	WARN	Loading extension 'screenshots@mozilla.org': Reading manifest: Invalid extension permission: about:reader*
JavaScript error: resource://gre/modules/XULStore.jsm, line 66: Error: Can't find profile directory.
1587664000125	Marionette	INFO	Listening on port 1131
1587664000564	Marionette	WARN	TLS certificate errors will be ignored for this session
1587664053043	mozrunner::runner	INFO	Running command: "C:\\Program Files\\Mozilla Firefox\\firefox.exe" "-marionette" "-foreground" "-no-remote" "-profile" "C:\\Users\\ADMINI~1\\AppData\\Local\\Temp\\rust_mozprofileJEH433"
1587664054464	addons.webextension.doh-rollout@mozilla.org	WARN	Loading extension 'doh-rollout@mozilla.org': Reading manifest: Invalid extension permission: networkStatus
1587664055958	addons.webextension.screenshots@mozilla.org	WARN	Loading extension 'screenshots@mozilla.org': Reading manifest: Invalid extension permission: mozillaAddons
1587664055958	addons.webextension.screenshots@mozilla.org	WARN	Loading extension 'screenshots@mozilla.org': Reading manifest: Invalid extension permission: telemetry
1587664055958	addons.webextension.screenshots@mozilla.org	WARN	Loading extension 'screenshots@mozilla.org': Reading manifest: Invalid extension permission: resource://pdf.js/
1587664055959	addons.webextension.screenshots@mozilla.org	WARN	Loading extension 'screenshots@mozilla.org': Reading manifest: Invalid extension permission: about:reader*
JavaScript error: resource://gre/modules/XULStore.jsm, line 66: Error: Can't find profile directory.
1587664059170	Marionette	INFO	Listening on port 1295
1587664059586	Marionette	WARN	TLS certificate errors will be ignored for this session
[Child 6684, MediaDecoderStateMachine #1] WARNING: Decoder=a6aa4b8800 Decode error: NS_ERROR_DOM_MEDIA_FATAL_ERR (0x806e0005) - RefPtr<MediaSourceTrackDemuxer::SamplesPromise> __cdecl mozilla::MediaSourceTrackDemuxer::DoGetSamples(int32_t): manager is detached.: file Z:/task_1585933993/build/src/dom/media/MediaDecoderStateMachine.cpp, line 3367
[Child 6684, MediaDecoderStateMachine #1] WARNING: Decoder=a6a13e3c00 Decode error: NS_ERROR_DOM_MEDIA_FATAL_ERR (0x806e0005) - RefPtr<MediaSourceTrackDemuxer::SamplesPromise> __cdecl mozilla::MediaSourceTrackDemuxer::DoGetSamples(int32_t): manager is detached.: file Z:/task_1585933993/build/src/dom/media/MediaDecoderStateMachine.cpp, line 3367
[Child 6684, MediaDecoderStateMachine #1] WARNING: Decoder=a6a13e3c00 Decode error: NS_ERROR_DOM_MEDIA_FATAL_ERR (0x806e0005) - RefPtr<MediaSourceTrackDemuxer::SamplesPromise> __cdecl mozilla::MediaSourceTrackDemuxer::DoGetSamples(int32_t): manager is detached.: file Z:/task_1585933993/build/src/dom/media/MediaDecoderStateMachine.cpp, line 3367
